[2025-09-06 00:09:38] Logger initialized
[2025-09-06 00:09:38] Starting ingestion...
[2025-09-06 00:09:38] Downloading from https://data.telangana.gov.in/dataset/literacy-and-literacy-rate/download/literacy.csv
[2025-09-06 00:11:09] Logger initialized
[2025-09-06 00:11:09] Starting ingestion from local CSV...
[2025-09-06 00:11:09] Downloading from artifacts\full-run\literacy.csv
[2025-09-06 00:12:57] Logger initialized
[2025-09-06 00:12:57] Starting ingestion from local CSV...
[2025-09-06 00:14:01] Logger initialized
[2025-09-06 00:14:01] Starting ingestion from local CSV...
[2025-09-06 00:14:01] Local CSV copied to artifacts\full-run\raw.csv
[2025-09-06 00:14:01] Starting standardization...
[2025-09-06 00:14:01] Loading raw data from artifacts\full-run\raw.csv
[2025-09-06 00:14:01] Standardized columns: ['districts', 'males', 'females', 'literacy_rate_males', 'literacy_rate_females']
[2025-09-06 00:14:01] Missing values before: 0, after: 0
[2025-09-06 00:14:01] Standardized dataset saved: artifacts\full-run\standardized.csv
[2025-09-06 00:14:01] Rows: 31, Columns: 5
[2025-09-06 00:14:01] Starting transformation...
[2025-09-06 00:14:01] Loading standardized data from artifacts\full-run\standardized.csv
[2025-09-06 00:14:01] Transformed dataset saved: artifacts\full-run\transformed.csv
[2025-09-06 00:14:01] Generating insights...
[2025-09-06 00:14:01] === Literacy Insights ===
[2025-09-06 00:14:01] Total districts: 31
[2025-09-06 00:14:01] ✅ Full pipeline completed!
[2025-09-06 00:15:15] Logger initialized
[2025-09-06 00:15:15] Starting ingestion from local CSV...
[2025-09-06 00:15:15] Local CSV copied to artifacts\full-run\raw.csv
[2025-09-06 00:15:15] Starting standardization...
[2025-09-06 00:15:15] Loading raw data from artifacts\full-run\raw.csv
[2025-09-06 00:15:15] Standardized columns: ['districts', 'males', 'females', 'literacy_rate_males', 'literacy_rate_females']
[2025-09-06 00:15:15] Missing values before: 0, after: 0
[2025-09-06 00:15:15] Standardized dataset saved: artifacts\full-run\standardized.csv
[2025-09-06 00:15:15] Rows: 31, Columns: 5
[2025-09-06 00:15:15] Starting transformation...
[2025-09-06 00:15:15] Transformed data saved to artifacts\full-run\transformed.csv
[2025-09-06 00:15:15] Generating insights...
[2025-09-06 00:15:33] Logger initialized
[2025-09-06 00:15:33] Starting ingestion from local CSV...
[2025-09-06 00:15:33] Local CSV copied to artifacts\full-run\raw.csv
[2025-09-06 00:15:33] Starting standardization...
[2025-09-06 00:15:33] Loading raw data from artifacts\full-run\raw.csv
[2025-09-06 00:15:33] Standardized columns: ['districts', 'males', 'females', 'literacy_rate_males', 'literacy_rate_females']
[2025-09-06 00:15:33] Missing values before: 0, after: 0
[2025-09-06 00:15:33] Standardized dataset saved: artifacts\full-run\standardized.csv
[2025-09-06 00:15:33] Rows: 31, Columns: 5
[2025-09-06 00:15:33] Starting transformation...
[2025-09-06 00:15:33] Transformed data saved to artifacts\full-run\transformed.csv
[2025-09-06 00:15:33] Generating insights...
[2025-09-06 00:16:20] Logger initialized
[2025-09-06 00:16:20] Starting ingestion from local CSV...
[2025-09-06 00:16:20] Local CSV copied to artifacts\full-run\raw.csv
[2025-09-06 00:16:20] Starting standardization...
[2025-09-06 00:16:20] Loading raw data from artifacts\full-run\raw.csv
[2025-09-06 00:16:20] Standardized columns: ['districts', 'males', 'females', 'literacy_rate_males', 'literacy_rate_females']
[2025-09-06 00:16:20] Missing values before: 0, after: 0
[2025-09-06 00:16:20] Standardized dataset saved: artifacts\full-run\standardized.csv
[2025-09-06 00:16:20] Rows: 31, Columns: 5
[2025-09-06 00:16:20] Starting transformation...
[2025-09-06 00:16:20] Loading standardized data from artifacts\full-run\standardized.csv
[2025-09-06 00:16:20] Transformed dataset saved: artifacts\full-run\transformed.csv
[2025-09-06 00:16:20] Starting transformation...
[2025-09-06 00:16:20] Transformed data saved to artifacts\full-run\transformed.csv
[2025-09-06 00:16:20] Generating insights...
[2025-09-06 00:16:20] === Literacy Insights ===
[2025-09-06 00:16:20] Total districts: 31
[2025-09-06 00:16:20] ✅ Full pipeline completed!
[2025-09-06 00:16:20] Generating insights...
[2025-09-06 00:20:58] Logger initialized
[2025-09-06 00:20:58] Starting ingestion from local CSV...
[2025-09-06 00:20:58] Local CSV copied to artifacts\full-run\raw.csv
[2025-09-06 00:20:58] Starting standardization...
[2025-09-06 00:20:58] Loading raw data from artifacts\full-run\raw.csv
[2025-09-06 00:20:58] Standardized columns: ['districts', 'males', 'females', 'literacy_rate_males', 'literacy_rate_females']
[2025-09-06 00:20:58] Missing values before: 0, after: 0
[2025-09-06 00:20:58] Standardized dataset saved: artifacts\full-run\standardized.csv
[2025-09-06 00:20:58] Rows: 31, Columns: 5
[2025-09-06 00:20:58] Starting transformation...
[2025-09-06 00:20:58] Transformed data saved to artifacts\full-run\transformed.csv
[2025-09-06 00:20:58] Generating insights...
[2025-09-06 00:21:12] Logger initialized
[2025-09-06 00:21:12] Starting ingestion from local CSV...
[2025-09-06 00:21:12] Local CSV copied to artifacts\full-run\raw.csv
[2025-09-06 00:21:12] Starting standardization...
[2025-09-06 00:21:12] Loading raw data from artifacts\full-run\raw.csv
[2025-09-06 00:21:12] Standardized columns: ['districts', 'males', 'females', 'literacy_rate_males', 'literacy_rate_females']
[2025-09-06 00:21:12] Missing values before: 0, after: 0
[2025-09-06 00:21:12] Standardized dataset saved: artifacts\full-run\standardized.csv
[2025-09-06 00:21:12] Rows: 31, Columns: 5
[2025-09-06 00:21:12] Starting transformation...
[2025-09-06 00:21:12] Loading standardized data from artifacts\full-run\standardized.csv
[2025-09-06 00:21:12] Transformed dataset saved: artifacts\full-run\transformed.csv
[2025-09-06 00:21:12] Starting transformation...
[2025-09-06 00:21:12] Transformed data saved to artifacts\full-run\transformed.csv
[2025-09-06 00:21:12] Generating insights...
[2025-09-06 00:21:12] === Literacy Insights ===
[2025-09-06 00:21:12] Total districts: 31
[2025-09-06 00:21:12] ✅ Full pipeline completed!
[2025-09-06 00:21:12] Generating insights...
[2025-09-06 00:22:15] Logger initialized
[2025-09-06 00:22:15] Starting ingestion from local CSV...
[2025-09-06 00:22:15] Local CSV copied to artifacts\full-run\raw.csv
[2025-09-06 00:22:15] Starting standardization...
[2025-09-06 00:22:15] Loading raw data from artifacts\full-run\raw.csv
[2025-09-06 00:22:15] Standardized columns: ['districts', 'males', 'females', 'literacy_rate_males', 'literacy_rate_females']
[2025-09-06 00:22:15] Missing values before: 0, after: 0
[2025-09-06 00:22:15] Standardized dataset saved: artifacts\full-run\standardized.csv
[2025-09-06 00:22:15] Rows: 31, Columns: 5
[2025-09-06 00:22:15] Starting transformation...
[2025-09-06 00:22:15] Loading standardized data from artifacts\full-run\standardized.csv
[2025-09-06 00:22:15] Transformed dataset saved: artifacts\full-run\transformed.csv
[2025-09-06 00:22:15] Starting transformation...
[2025-09-06 00:22:15] Transformed data saved to artifacts\full-run\transformed.csv
[2025-09-06 00:22:15] Generating insights...
[2025-09-06 00:22:15] === Literacy Insights ===
[2025-09-06 00:22:15] Total districts: 31
[2025-09-06 00:22:15] ✅ Full pipeline completed!
[2025-09-06 00:22:15] Generating insights...
[2025-09-06 00:23:43] Logger initialized
[2025-09-06 00:23:43] Starting ingestion from local CSV...
[2025-09-06 00:23:43] Local CSV copied to artifacts\full-run\raw.csv
[2025-09-06 00:23:43] Starting standardization...
[2025-09-06 00:23:43] Loading raw data from artifacts\full-run\raw.csv
[2025-09-06 00:23:43] Standardized columns: ['districts', 'males', 'females', 'literacy_rate_males', 'literacy_rate_females']
[2025-09-06 00:23:43] Missing values before: 0, after: 0
[2025-09-06 00:23:43] Standardized dataset saved: artifacts\full-run\standardized.csv
[2025-09-06 00:23:43] Rows: 31, Columns: 5
[2025-09-06 00:23:43] Starting transformation...
[2025-09-06 00:23:43] Loading standardized data from artifacts\full-run\standardized.csv
[2025-09-06 00:23:43] Transformed dataset saved: artifacts\full-run\transformed.csv
[2025-09-06 00:23:43] Starting transformation...
[2025-09-06 00:23:43] Transformed data saved to artifacts\full-run\transformed.csv
[2025-09-06 00:23:43] Generating insights...
[2025-09-06 00:23:43] === Literacy Insights ===
[2025-09-06 00:23:43] Total districts: 31
[2025-09-06 00:23:43] ✅ Full pipeline completed!
[2025-09-06 00:23:43] Generating insights...
[2025-09-06 00:26:47] Logger initialized
[2025-09-06 00:26:47] Starting ingestion from local CSV...
[2025-09-06 00:26:47] Local CSV copied to artifacts\full-run\raw.csv
[2025-09-06 00:26:47] Starting standardization...
[2025-09-06 00:26:47] Loading raw data from artifacts\full-run\raw.csv
[2025-09-06 00:26:47] Standardized columns: ['districts', 'males', 'females', 'literacy_rate_males', 'literacy_rate_females']
[2025-09-06 00:26:47] Missing values before: 0, after: 0
[2025-09-06 00:26:47] Standardized dataset saved: artifacts\full-run\standardized.csv
[2025-09-06 00:26:47] Rows: 31, Columns: 5
[2025-09-06 00:26:47] Starting transformation...
[2025-09-06 00:26:47] Transformed data saved to artifacts\full-run\transformed.csv
[2025-09-06 00:26:47] Generating insights...
[2025-09-06 00:26:47] === Literacy Insights ===
[2025-09-06 00:26:47] Total districts: 31
[2025-09-06 00:26:47] ✅ Full pipeline completed!
[2025-09-06 00:31:59] Logger initialized
[2025-09-06 00:31:59] Starting ingestion from local CSV...
[2025-09-06 00:31:59] Local CSV copied to artifacts\full-run\raw.csv
[2025-09-06 00:31:59] Starting standardization...
[2025-09-06 00:31:59] Loading raw data from artifacts\full-run\raw.csv
[2025-09-06 00:31:59] Standardized columns: ['districts', 'males', 'females', 'literacy_rate_males', 'literacy_rate_females']
[2025-09-06 00:31:59] Missing values before: 0, after: 0
[2025-09-06 00:31:59] Standardized dataset saved: artifacts\full-run\standardized.csv
[2025-09-06 00:31:59] Rows: 31, Columns: 5
[2025-09-06 00:31:59] Starting transformation...
[2025-09-06 00:31:59] Transformed data saved to artifacts\full-run\transformed.csv
[2025-09-06 00:31:59] Generating insights...
[2025-09-06 00:31:59] === Literacy Insights ===
[2025-09-06 00:31:59] Total districts: 31
[2025-09-06 00:32:49] Logger initialized
[2025-09-06 00:32:49] Starting ingestion from local CSV...
[2025-09-06 00:32:49] Local CSV copied to artifacts\full-run\raw.csv
[2025-09-06 00:32:49] Starting standardization...
[2025-09-06 00:32:49] Loading raw data from artifacts\full-run\raw.csv
[2025-09-06 00:32:49] Standardized columns: ['districts', 'males', 'females', 'literacy_rate_males', 'literacy_rate_females']
[2025-09-06 00:32:49] Missing values before: 0, after: 0
[2025-09-06 00:32:49] Standardized dataset saved: artifacts\full-run\standardized.csv
[2025-09-06 00:32:49] Rows: 31, Columns: 5
[2025-09-06 00:32:49] Starting transformation...
[2025-09-06 00:32:49] Transformed data saved to artifacts\full-run\transformed.csv
[2025-09-06 00:32:49] Generating insights...
[2025-09-06 00:32:49] === Literacy Insights ===
[2025-09-06 00:32:49] Total districts: 31
[2025-09-06 00:36:11] Logger initialized
[2025-09-06 00:36:11] Starting ingestion from local CSV...
[2025-09-06 00:36:11] Local CSV copied to artifacts\full-run\raw.csv
[2025-09-06 00:36:11] Starting standardization...
[2025-09-06 00:36:11] Loading raw data from artifacts\full-run\raw.csv
[2025-09-06 00:36:11] Standardized columns: ['districts', 'males', 'females', 'literacy_rate_males', 'literacy_rate_females']
[2025-09-06 00:36:11] Missing values before: 0, after: 0
[2025-09-06 00:36:11] Standardized dataset saved: artifacts\full-run\standardized.csv
[2025-09-06 00:36:11] Rows: 31, Columns: 5
[2025-09-06 00:36:11] Starting transformation...
[2025-09-06 00:36:11] Transformed data saved to artifacts\full-run\transformed.csv
[2025-09-06 00:36:11] Generating insights...
[2025-09-06 00:36:11] === Literacy Insights ===
[2025-09-06 00:36:11] Total districts: 31
[2025-09-06 00:36:31] Logger initialized
[2025-09-06 00:36:31] Starting ingestion from local CSV...
[2025-09-06 00:36:31] Local CSV copied to artifacts\full-run\raw.csv
[2025-09-06 00:36:31] Starting standardization...
[2025-09-06 00:36:31] Loading raw data from artifacts\full-run\raw.csv
[2025-09-06 00:36:31] Standardized columns: ['districts', 'males', 'females', 'literacy_rate_males', 'literacy_rate_females']
[2025-09-06 00:36:31] Missing values before: 0, after: 0
[2025-09-06 00:36:31] Standardized dataset saved: artifacts\full-run\standardized.csv
[2025-09-06 00:36:31] Rows: 31, Columns: 5
[2025-09-06 00:36:31] Starting transformation...
[2025-09-06 00:36:31] Transformed data saved to artifacts\full-run\transformed.csv
[2025-09-06 00:36:31] Generating insights...
[2025-09-06 00:36:31] === Literacy Insights ===
[2025-09-06 00:36:31] Total districts: 31
[2025-09-06 18:45:41] Logger initialized
[2025-09-06 18:45:41] Starting ingestion from local CSV...
[2025-09-06 18:45:41] Local CSV copied to artifacts\full-run\raw.csv
[2025-09-06 18:45:41] Starting standardization...
[2025-09-06 18:45:41] Loading raw data from artifacts\full-run\raw.csv
[2025-09-06 18:45:41] Standardized columns: ['districts', 'males', 'females', 'literacy_rate_males', 'literacy_rate_females']
[2025-09-06 18:45:41] Missing values before: 0, after: 0
[2025-09-06 18:45:41] Standardized dataset saved: artifacts\full-run\standardized.csv
[2025-09-06 18:45:41] Rows: 31, Columns: 5
[2025-09-06 18:45:41] Starting transformation...
[2025-09-06 18:45:41] Transformed data saved to artifacts\full-run\transformed.csv
[2025-09-06 18:45:41] Generating insights...
[2025-09-06 18:45:41] === Literacy Insights ===
[2025-09-06 18:45:41] Total districts: 31
[2025-09-06 19:01:51] Logger initialized
[2025-09-06 19:01:51] Starting ingestion from local CSV...
[2025-09-06 19:01:51] Local CSV copied to artifacts\full-run\raw.csv
[2025-09-06 19:01:51] Starting standardization...
[2025-09-06 19:01:51] Loading raw data from artifacts\full-run\raw.csv
[2025-09-06 19:01:51] Standardized columns: ['districts', 'males', 'females', 'literacy_rate_males', 'literacy_rate_females']
[2025-09-06 19:01:51] Missing values before: 0, after: 0
[2025-09-06 19:01:51] Standardized dataset saved: artifacts\full-run\standardized.csv
[2025-09-06 19:01:51] Rows: 31, Columns: 5
[2025-09-06 19:01:51] Starting transformation...
[2025-09-06 19:01:51] Transformed data saved to artifacts\full-run\transformed.csv
[2025-09-06 19:01:51] Generating insights...
[2025-09-06 19:01:51] === Literacy Insights ===
[2025-09-06 19:01:51] Total districts: 31
[2025-09-06 19:06:37] Logger initialized
[2025-09-06 19:06:37] Starting ingestion from local CSV...
[2025-09-06 19:06:37] Local CSV copied to artifacts\full-run\raw.csv
[2025-09-06 19:06:37] Starting standardization...
[2025-09-06 19:06:37] Loading raw data from artifacts\full-run\raw.csv
[2025-09-06 19:06:37] Standardized columns: ['districts', 'males', 'females', 'literacy_rate_males', 'literacy_rate_females']
[2025-09-06 19:06:37] Missing values before: 0, after: 0
[2025-09-06 19:06:37] Standardized dataset saved: artifacts\full-run\standardized.csv
[2025-09-06 19:06:37] Rows: 31, Columns: 5
[2025-09-06 19:06:37] Starting transformation...
[2025-09-06 19:06:37] Transformed data saved to artifacts\full-run\transformed.csv
[2025-09-06 19:06:37] Generating insights...
[2025-09-06 19:06:37] === Literacy Insights ===
[2025-09-06 19:06:37] Total districts: 31
[2025-09-06 19:10:00] Logger initialized
[2025-09-06 19:10:00] Starting ingestion from local CSV...
[2025-09-06 19:10:00] Local CSV copied to artifacts\full-run\raw.csv
[2025-09-06 19:10:00] Starting standardization...
[2025-09-06 19:10:00] Loading raw data from artifacts\full-run\raw.csv
[2025-09-06 19:10:00] Standardized columns: ['districts', 'males', 'females', 'literacy_rate_males', 'literacy_rate_females']
[2025-09-06 19:10:00] Missing values before: 0, after: 0
[2025-09-06 19:10:00] Standardized dataset saved: artifacts\full-run\standardized.csv
[2025-09-06 19:10:00] Rows: 31, Columns: 5
[2025-09-06 19:10:00] Starting transformation...
[2025-09-06 19:10:00] Transformed data saved to artifacts\full-run\transformed.csv
[2025-09-06 19:10:00] Generating insights...
[2025-09-06 19:10:00] === Literacy Insights ===
[2025-09-06 19:10:00] Total districts: 31
[2025-09-06 19:13:50] Logger initialized
[2025-09-06 19:13:50] Starting ingestion from local CSV...
[2025-09-06 19:13:50] Local CSV copied to artifacts\full-run\raw.csv
[2025-09-06 19:13:50] Starting standardization...
[2025-09-06 19:13:50] Loading raw data from artifacts\full-run\raw.csv
[2025-09-06 19:13:50] Standardized columns: ['districts', 'males', 'females', 'literacy_rate_males', 'literacy_rate_females']
[2025-09-06 19:13:50] Missing values before: 0, after: 0
[2025-09-06 19:13:50] Standardized dataset saved: artifacts\full-run\standardized.csv
[2025-09-06 19:13:50] Rows: 31, Columns: 5
[2025-09-06 19:13:50] Starting transformation...
[2025-09-06 19:13:50] Transformed data saved to artifacts\full-run\transformed.csv
[2025-09-06 19:13:50] Generating insights...
[2025-09-06 19:13:50] === Literacy Insights ===
[2025-09-06 19:13:50] Total districts: 31
[2025-09-06 19:48:29] Logger initialized
[2025-09-06 19:48:29] Starting ingestion from local CSVs...
[2025-09-06 19:48:29] Copied literacy.csv to artifacts\full-run\raw_literacy.csv
[2025-09-06 19:51:37] Logger initialized
[2025-09-06 19:51:37] Starting ingestion from literacy CSV...
[2025-09-06 19:51:37] Copied literacy.csv to artifacts\full-run\raw_literacy.csv
[2025-09-06 19:51:37] Starting standardization...
[2025-09-06 19:51:37] Loading raw data from artifacts\full-run\raw_literacy.csv
[2025-09-06 19:51:37] Standardized columns: ['districts', 'males', 'females', 'literacy_rate_males', 'literacy_rate_females']
[2025-09-06 19:51:37] Missing values before: 0, after: 0
[2025-09-06 19:51:37] Standardized dataset saved: artifacts\full-run\standardized.csv
[2025-09-06 19:51:37] Rows: 31, Columns: 5
[2025-09-06 19:51:37] Starting transformation...
[2025-09-06 19:51:37] === Literacy Insights ===
[2025-09-06 19:51:37] Total districts: 31
[2025-09-06 19:54:30] Logger initialized
[2025-09-06 19:54:30] Starting ingestion from literacy CSV...
[2025-09-06 19:54:30] Copied literacy.csv to artifacts\full-run\raw_literacy.csv
[2025-09-06 19:54:30] Starting standardization...
[2025-09-06 19:54:30] Loading raw data from artifacts\full-run\raw_literacy.csv
[2025-09-06 19:54:30] Standardized columns: ['districts', 'males', 'females', 'literacy_rate_males', 'literacy_rate_females']
[2025-09-06 19:54:30] Missing values before: 0, after: 0
[2025-09-06 19:54:30] Standardized dataset saved: artifacts\full-run\standardized.csv
[2025-09-06 19:54:30] Rows: 31, Columns: 5
[2025-09-06 19:54:30] Starting transformation...
[2025-09-06 19:54:30] Transformed dataset saved to artifacts\full-run\transformed_literacy.csv
[2025-09-06 19:54:31] === Literacy Insights ===
[2025-09-06 19:54:31] Total districts: 31
[2025-09-06 19:58:51] Logger initialized
[2025-09-06 19:58:51] Starting ingestion from local CSVs...
[2025-09-06 19:58:51] Copied literacy.csv to artifacts\full-run\raw_literacy.csv
[2025-09-06 20:01:33] Logger initialized
[2025-09-06 20:01:33] Starting ingestion from literacy CSV...
[2025-09-06 20:01:33] Copied literacy.csv to artifacts\full-run\raw_literacy.csv
[2025-09-06 20:01:33] Starting standardization...
[2025-09-06 20:01:33] Loading raw data from artifacts\full-run\raw_literacy.csv
[2025-09-06 20:01:33] Standardized columns: ['districts', 'males', 'females', 'literacy_rate_males', 'literacy_rate_females']
[2025-09-06 20:01:33] Missing values before: 0, after: 0
[2025-09-06 20:01:33] Standardized dataset saved: artifacts\full-run\standardized.csv
[2025-09-06 20:01:33] Rows: 31, Columns: 5
[2025-09-06 20:01:33] Starting transformation...
[2025-09-06 20:01:33] Transformed dataset saved to artifacts\full-run\transformed_literacy.csv
[2025-09-06 20:01:33] === Literacy Insights ===
[2025-09-06 20:01:33] Total districts: 31
[2025-09-06 20:10:18] Logger initialized
[2025-09-06 20:10:18] Starting ingestion from literacy CSV...
[2025-09-06 20:10:18] Copied literacy.csv to artifacts\full-run\raw_literacy.csv
[2025-09-06 20:10:18] Starting standardization...
[2025-09-06 20:10:18] Loading raw data from artifacts\full-run\raw_literacy.csv
[2025-09-06 20:10:18] Standardized columns: ['districts', 'males', 'females', 'literacy_rate_males', 'literacy_rate_females']
[2025-09-06 20:10:19] Missing values before: 0, after: 0
[2025-09-06 20:10:19] Standardized dataset saved: artifacts\full-run\standardized.csv
[2025-09-06 20:10:19] Rows: 31, Columns: 5
[2025-09-06 20:10:19] Starting transformation...
[2025-09-06 20:10:19] Transformed dataset saved to artifacts\full-run\transformed_literacy.csv
[2025-09-06 20:10:19] === Literacy Insights ===
[2025-09-06 20:10:19] Total districts: 31
